2014-04-23 15:49:54.626 HelloWorld[16379:70b] Multi-tasking -> Device: YES, App: YES
2014-04-23 15:49:55.072 HelloWorld[16379:70b] Resetting plugins due to page load.
2014-04-23 15:49:55.308 HelloWorld[16379:70b] Finished load of: file:///Users/justin/Library/Application%20Support/iPhone%20Simulator/7.1/Applications/E1E62D0B-72C7-442F-B3DA-672155C07E02/HelloWorld.app/www/index.html
2014-04-23 16:01:13.779 HelloWorld[17052:70b] Multi-tasking -> Device: YES, App: YES
2014-04-23 16:01:13.893 HelloWorld[17052:70b] Resetting plugins due to page load.
2014-04-23 16:01:13.961 HelloWorld[17052:70b] Finished load of: file:///Users/justin/Library/Application%20Support/iPhone%20Simulator/7.1/Applications/E1E62D0B-72C7-442F-B3DA-672155C07E02/HelloWorld.app/www/index.html
objc[17565]: Class AXEmojiUtilities is implemented in both /Applications/Xcode.app/Contents/Developer/Platforms/iPhoneSimulator.platform/Developer/SDKs/iPhoneSimulator7.1.sdk/System/Library/PrivateFrameworks/AccessibilityUtilities.framework/AccessibilityUtilities and /Applications/Xcode.app/Contents/Developer/Platforms/iPhoneSimulator.platform/Developer/SDKs/iPhoneSimulator7.1.sdk/usr/lib/libAXSpeechManager.dylib. One of the two will be used. Which one is undefined.
2014-04-23 16:09:21.845 HelloWorld[17565:70b] Cannot find executable for CFBundle 0xa758580 </Applications/Xcode.app/Contents/Developer/Platforms/iPhoneSimulator.platform/Developer/SDKs/iPhoneSimulator7.1.sdk/System/Library/AccessibilityBundles/GeoServices.axbundle> (not loaded)
2014-04-23 16:09:21.849 HelloWorld[17565:70b] Cannot find executable for CFBundle 0xa248ae0 </Applications/Xcode.app/Contents/Developer/Platforms/iPhoneSimulator.platform/Developer/SDKs/iPhoneSimulator7.1.sdk/System/Library/AccessibilityBundles/CertUIFramework.axbundle> (not loaded)
2014-04-23 16:09:21.871 HelloWorld[17565:70b] Multi-tasking -> Device: YES, App: YES
2014-04-23 16:09:21.945 HelloWorld[17565:70b] Resetting plugins due to page load.
2014-04-23 16:09:21.978 HelloWorld[17565:70b] Finished load of: file:///Users/justin/Library/Application%20Support/iPhone%20Simulator/7.1/Applications/E1E62D0B-72C7-442F-B3DA-672155C07E02/HelloWorld.app/www/index.html
objc[17953]: Class AXEmojiUtilities is implemented in both /Applications/Xcode.app/Contents/Developer/Platforms/iPhoneSimulator.platform/Developer/SDKs/iPhoneSimulator7.1.sdk/System/Library/PrivateFrameworks/AccessibilityUtilities.framework/AccessibilityUtilities and /Applications/Xcode.app/Contents/Developer/Platforms/iPhoneSimulator.platform/Developer/SDKs/iPhoneSimulator7.1.sdk/usr/lib/libAXSpeechManager.dylib. One of the two will be used. Which one is undefined.
2014-04-23 16:10:08.843 HelloWorld[17953:70b] Cannot find executable for CFBundle 0xa481710 </Applications/Xcode.app/Contents/Developer/Platforms/iPhoneSimulator.platform/Developer/SDKs/iPhoneSimulator7.1.sdk/System/Library/AccessibilityBundles/GeoServices.axbundle> (not loaded)
2014-04-23 16:10:08.851 HelloWorld[17953:70b] Cannot find executable for CFBundle 0xa69ab10 </Applications/Xcode.app/Contents/Developer/Platforms/iPhoneSimulator.platform/Developer/SDKs/iPhoneSimulator7.1.sdk/System/Library/AccessibilityBundles/CertUIFramework.axbundle> (not loaded)
2014-04-23 16:10:08.918 HelloWorld[17953:70b] Multi-tasking -> Device: YES, App: YES
2014-04-23 16:10:09.085 HelloWorld[17953:70b] Resetting plugins due to page load.
2014-04-23 16:10:09.141 HelloWorld[17953:70b] Finished load of: file:///Users/justin/Library/Application%20Support/iPhone%20Simulator/7.1/Applications/E1E62D0B-72C7-442F-B3DA-672155C07E02/HelloWorld.app/www/index.html
objc[18441]: Class AXEmojiUtilities is implemented in both /Applications/Xcode.app/Contents/Developer/Platforms/iPhoneSimulator.platform/Developer/SDKs/iPhoneSimulator7.1.sdk/System/Library/PrivateFrameworks/AccessibilityUtilities.framework/AccessibilityUtilities and /Applications/Xcode.app/Contents/Developer/Platforms/iPhoneSimulator.platform/Developer/SDKs/iPhoneSimulator7.1.sdk/usr/lib/libAXSpeechManager.dylib. One of the two will be used. Which one is undefined.
2014-04-23 16:13:12.809 HelloWorld[18441:70b] Cannot find executable for CFBundle 0xa94bef0 </Applications/Xcode.app/Contents/Developer/Platforms/iPhoneSimulator.platform/Developer/SDKs/iPhoneSimulator7.1.sdk/System/Library/AccessibilityBundles/GeoServices.axbundle> (not loaded)
2014-04-23 16:13:12.817 HelloWorld[18441:70b] Cannot find executable for CFBundle 0xa37cd10 </Applications/Xcode.app/Contents/Developer/Platforms/iPhoneSimulator.platform/Developer/SDKs/iPhoneSimulator7.1.sdk/System/Library/AccessibilityBundles/CertUIFramework.axbundle> (not loaded)
2014-04-23 16:13:12.847 HelloWorld[18441:70b] Multi-tasking -> Device: YES, App: YES
2014-04-23 16:13:12.978 HelloWorld[18441:70b] Resetting plugins due to page load.
2014-04-23 16:13:13.031 HelloWorld[18441:70b] Finished load of: file:///Users/justin/Library/Application%20Support/iPhone%20Simulator/7.1/Applications/E1E62D0B-72C7-442F-B3DA-672155C07E02/HelloWorld.app/www/index.html
2014-04-23 16:50:32.546 HelloWorld[18441:70b] locationManager::didFailWithError (null)
